EXPLAIN
-> Sort: p.project_name  (actual time=21.3..21.4 rows=500 loops=1)
    -> Table scan on <temporary>  (cost=343..351 rows=491) (actual time=17.6..17.7 rows=500 loops=1)
        -> Temporary table with deduplication  (cost=343..343 rows=491) (actual time=17.6..17.6 rows=500 loops=1)
            -> Nested loop inner join  (cost=230 rows=491) (actual time=12.5..14.4 rows=500 loops=1)
                -> Filter: (vupa.project_uuid is not null)  (cost=57.7 rows=491) (actual time=12.5..12.6 rows=500 loops=1)
                    -> Table scan on vupa  (cost=291..300 rows=491) (actual time=12.5..12.6 rows=500 loops=1)
                        -> Union materialize with deduplication  (cost=291..291 rows=491) (actual time=12.5..12.5 rows=500 loops=1)
                            -> Table scan on <temporary>  (cost=4.1..6.02 rows=4.01) (actual time=3.33..3.33 rows=0 loops=1)
                                -> Temporary table with deduplication  (cost=3.47..3.47 rows=4.01) (actual time=3.32..3.32 rows=0 loops=1)
                                    -> Nested loop inner join  (cost=2.54 rows=4.01) (actual time=3.31..3.31 rows=0 loops=1)
                                        -> Nested loop inner join  (cost=1.14 rows=4.01) (actual time=3.31..3.31 rows=0 loops=1)
                                            -> Index lookup on gum using idx_user_uuid (user_uuid = 'ef77a058-c457-11f0-9fcf-c0a705219895')  (cost=0.35 rows=1) (actual time=2.89..2.89 rows=1 loops=1)
                                            -> Filter: ((grm.project_uuid is not null) and (grm.project_uuid is not null))  (cost=0.727 rows=4.01) (actual time=0.424..0.424 rows=0 loops=1)
                                                -> Covering index lookup on grm using unique_group_role_context (group_id = gum.group_id)  (cost=0.727 rows=4.64) (actual time=0.421..0.423 rows=1 loops=1)
                                        -> Single-row index lookup on p using PRIMARY (project_uuid = grm.project_uuid)  (cost=0.275 rows=1) (never executed)
                            -> Table scan on <temporary>  (cost=163..172 rows=487) (actual time=6.44..6.51 rows=500 loops=1)
                                -> Temporary table with deduplication  (cost=163..163 rows=487) (actual time=6.44..6.44 rows=500 loops=1)
                                    -> Filter: (p.org_uuid = grm.org_uuid)  (cost=51 rows=487) (actual time=2.61..4.4 rows=500 loops=1)
                                        -> Inner hash join (<hash>(p.org_uuid)=<hash>(grm.org_uuid))  (cost=51 rows=487) (actual time=2.61..4.15 rows=500 loops=1)
                                            -> Table scan on p  (cost=52.8 rows=500) (actual time=1.25..2.55 rows=500 loops=1)
                                            -> Hash
                                                -> Nested loop inner join  (cost=0.733 rows=0.975) (actual time=0.79..0.793 rows=1 loops=1)
                                                    -> Index lookup on gum using idx_user_uuid (user_uuid = 'ef77a058-c457-11f0-9fcf-c0a705219895')  (cost=0.35 rows=1) (actual time=0.0129..0.0137 rows=1 loops=1)
                                                    -> Filter: ((grm.org_uuid is not null) and (grm.env_uuid is null))  (cost=0.371 rows=0.975) (actual time=0.776..0.779 rows=1 loops=1)
                                                        -> Index lookup on grm using idx_group_project (group_id = gum.group_id, project_uuid = NULL), with index condition: (grm.project_uuid is null)  (cost=0.371 rows=1.09) (actual time=0.776..0.778 rows=1 loops=1)
                -> Single-row index lookup on p using PRIMARY (project_uuid = vupa.project_uuid)  (cost=0.25 rows=1) (actual time=0.00343..0.00346 rows=1 loops=500)

