EXPLAIN
-> Table scan on <temporary>  (cost=163..172 rows=487) (actual time=2.18..2.26 rows=500 loops=1)
    -> Temporary table with deduplication  (cost=163..163 rows=487) (actual time=2.18..2.18 rows=500 loops=1)
        -> Filter: (p.org_uuid = grm.org_uuid)  (cost=51 rows=487) (actual time=0.103..0.951 rows=500 loops=1)
            -> Inner hash join (<hash>(p.org_uuid)=<hash>(grm.org_uuid))  (cost=51 rows=487) (actual time=0.102..0.651 rows=500 loops=1)
                -> Table scan on p  (cost=52.8 rows=500) (actual time=0.0377..0.25 rows=500 loops=1)
                -> Hash
                    -> Nested loop inner join  (cost=0.733 rows=0.975) (actual time=0.0503..0.0532 rows=1 loops=1)
                        -> Index lookup on gum using idx_user_uuid (user_uuid = 'ef77a058-c457-11f0-9fcf-c0a705219895')  (cost=0.35 rows=1) (actual time=0.0276..0.0284 rows=1 loops=1)
                        -> Filter: ((grm.org_uuid is not null) and (grm.env_uuid is null))  (cost=0.371 rows=0.975) (actual time=0.0222..0.024 rows=1 loops=1)
                            -> Index lookup on grm using idx_group_project (group_id = gum.group_id, project_uuid = NULL), with index condition: (grm.project_uuid is null)  (cost=0.371 rows=1.09) (actual time=0.0215..0.0232 rows=1 loops=1)

